0 verbose cli C:\Program Files\nodejs\node.exe C:\Program Files\nodejs\node_modules\npm\bin\npm-cli.js
1 info using npm@10.9.3
2 info using node@v22.19.0
3 silly config load:file:C:\Program Files\nodejs\node_modules\npm\npmrc
4 silly config load:file:C:\Users\rober\Documents\builda-app\.npmrc
5 silly config load:file:C:\Users\rober\.npmrc
6 silly config load:file:C:\Users\rober\AppData\Roaming\npm\etc\npmrc
7 verbose title npm install class-variance-authority tailwind-merge
8 verbose argv "install" "class-variance-authority" "tailwind-merge"
9 verbose logfile logs-max:10 dir:C:\Users\rober\Documents\builda-app\npm-cache\_logs\2025-09-17T17_21_51_407Z-
10 verbose logfile C:\Users\rober\Documents\builda-app\npm-cache\_logs\2025-09-17T17_21_51_407Z-debug-0.log
11 silly logfile done cleaning log files
12 silly packumentCache heap:2197815296 maxSize:549453824 maxEntrySize:274726912
13 silly idealTree buildDeps
14 silly fetch manifest class-variance-authority@*
15 silly packumentCache full:https://registry.npmjs.org/class-variance-authority cache-miss
16 http fetch GET 200 https://registry.npmjs.org/npm 2631ms
17 http fetch GET 200 https://registry.npmjs.org/class-variance-authority 1803ms (cache miss)
18 silly packumentCache full:https://registry.npmjs.org/class-variance-authority set size:undefined disposed:false
19 silly fetch manifest tailwind-merge@*
20 silly packumentCache full:https://registry.npmjs.org/tailwind-merge cache-miss
21 http fetch GET 200 https://registry.npmjs.org/tailwind-merge 128ms (cache miss)
22 silly packumentCache full:https://registry.npmjs.org/tailwind-merge set size:undefined disposed:false
23 silly placeDep ROOT class-variance-authority@0.7.1 OK for: builda-app@0.1.0 want: *
24 silly placeDep ROOT tailwind-merge@3.3.1 OK for: builda-app@0.1.0 want: *
25 silly fetch manifest clsx@^2.1.1
26 silly packumentCache full:https://registry.npmjs.org/clsx cache-miss
27 http fetch GET 200 https://registry.npmjs.org/clsx 79ms (cache miss)
28 silly packumentCache full:https://registry.npmjs.org/clsx set size:undefined disposed:false
29 silly placeDep node_modules/class-variance-authority clsx@2.1.1 OK for: class-variance-authority@0.7.1 want: ^2.1.1
30 silly reify moves {}
31 silly audit bulk request {
31 silly audit   '@adraffy/ens-normalize': [ '1.11.0' ],
31 silly audit   '@alloc/quick-lru': [ '5.2.0' ],
31 silly audit   '@babel/runtime': [ '7.28.4' ],
31 silly audit   '@coinbase/wallet-sdk': [ '4.0.3' ],
31 silly audit   '@emnapi/core': [ '1.5.0' ],
31 silly audit   '@emnapi/runtime': [ '1.5.0' ],
31 silly audit   '@emnapi/wasi-threads': [ '1.1.0' ],
31 silly audit   '@emotion/is-prop-valid': [ '1.2.2' ],
31 silly audit   '@emotion/memoize': [ '0.8.1' ],
31 silly audit   '@emotion/unitless': [ '0.8.1' ],
31 silly audit   '@eslint-community/eslint-utils': [ '4.9.0' ],
31 silly audit   '@eslint-community/regexpp': [ '4.12.1' ],
31 silly audit   '@eslint/eslintrc': [ '2.1.4' ],
31 silly audit   '@eslint/js': [ '8.57.1' ],
31 silly audit   '@ethereumjs/common': [ '3.2.0' ],
31 silly audit   '@ethereumjs/rlp': [ '4.0.1' ],
31 silly audit   '@ethereumjs/tx': [ '4.2.0' ],
31 silly audit   '@ethereumjs/util': [ '8.1.0' ],
31 silly audit   '@ethersproject/abi': [ '5.8.0' ],
31 silly audit   '@ethersproject/abstract-provider': [ '5.8.0' ],
31 silly audit   '@ethersproject/abstract-signer': [ '5.8.0' ],
31 silly audit   '@ethersproject/address': [ '5.8.0' ],
31 silly audit   '@ethersproject/base64': [ '5.8.0' ],
31 silly audit   '@ethersproject/basex': [ '5.8.0' ],
31 silly audit   '@ethersproject/bignumber': [ '5.8.0' ],
31 silly audit   '@ethersproject/bytes': [ '5.8.0' ],
31 silly audit   '@ethersproject/constants': [ '5.8.0' ],
31 silly audit   '@ethersproject/contracts': [ '5.8.0' ],
31 silly audit   '@ethersproject/hash': [ '5.8.0' ],
31 silly audit   '@ethersproject/hdnode': [ '5.8.0' ],
31 silly audit   '@ethersproject/json-wallets': [ '5.8.0' ],
31 silly audit   '@ethersproject/keccak256': [ '5.8.0' ],
31 silly audit   '@ethersproject/logger': [ '5.8.0' ],
31 silly audit   '@ethersproject/networks': [ '5.8.0' ],
31 silly audit   '@ethersproject/pbkdf2': [ '5.8.0' ],
31 silly audit   '@ethersproject/properties': [ '5.8.0' ],
31 silly audit   '@ethersproject/providers': [ '5.8.0' ],
31 silly audit   '@ethersproject/random': [ '5.8.0' ],
31 silly audit   '@ethersproject/rlp': [ '5.8.0' ],
31 silly audit   '@ethersproject/sha2': [ '5.8.0' ],
31 silly audit   '@ethersproject/signing-key': [ '5.8.0' ],
31 silly audit   '@ethersproject/solidity': [ '5.8.0' ],
31 silly audit   '@ethersproject/strings': [ '5.8.0' ],
31 silly audit   '@ethersproject/transactions': [ '5.8.0' ],
31 silly audit   '@ethersproject/units': [ '5.8.0' ],
31 silly audit   '@ethersproject/wallet': [ '5.8.0' ],
31 silly audit   '@ethersproject/web': [ '5.8.0' ],
31 silly audit   '@ethersproject/wordlists': [ '5.8.0' ],
31 silly audit   '@floating-ui/core': [ '1.7.3' ],
31 silly audit   '@floating-ui/dom': [ '1.7.4' ],
31 silly audit   '@floating-ui/react': [ '0.26.28' ],
31 silly audit   '@floating-ui/react-dom': [ '2.1.6' ],
31 silly audit   '@floating-ui/utils': [ '0.2.10' ],
31 silly audit   '@headlessui/react': [ '2.2.8' ],
31 silly audit   '@heroicons/react': [ '2.2.0' ],
31 silly audit   '@humanwhocodes/config-array': [ '0.13.0' ],
31 silly audit   '@humanwhocodes/module-importer': [ '1.0.1' ],
31 silly audit   '@humanwhocodes/object-schema': [ '2.0.3' ],
31 silly audit   '@isaacs/cliui': [ '8.0.2' ],
31 silly audit   'ansi-regex': [ '6.2.2', '5.0.1' ],
31 silly audit   'ansi-styles': [ '6.2.3', '4.3.0' ],
31 silly audit   'string-width': [ '5.1.2', '4.2.3' ],
31 silly audit   'strip-ansi': [ '7.1.2', '6.0.1' ],
31 silly audit   'wrap-ansi': [ '8.1.0', '6.2.0', '7.0.0' ],
31 silly audit   '@jridgewell/gen-mapping': [ '0.3.13' ],
31 silly audit   '@jridgewell/resolve-uri': [ '3.1.2' ],
31 silly audit   '@jridgewell/sourcemap-codec': [ '1.5.5' ],
31 silly audit   '@jridgewell/trace-mapping': [ '0.3.31' ],
31 silly audit   '@lit-labs/ssr-dom-shim': [ '1.4.0' ],
31 silly audit   '@lit/reactive-element': [ '2.1.1', '1.6.3' ],
31 silly audit   '@marsidev/react-turnstile': [ '0.4.1' ],
31 silly audit   '@metamask/abi-utils': [ '1.2.0' ],
31 silly audit   '@metamask/utils': [ '3.6.0', '5.0.2' ],
31 silly audit   '@metamask/eth-sig-util': [ '6.0.2' ],
31 silly audit   '@motionone/animation': [ '10.18.0' ],
31 silly audit   '@motionone/dom': [ '10.18.0' ],
31 silly audit   '@motionone/easing': [ '10.18.0' ],
31 silly audit   '@motionone/generators': [ '10.18.0' ],
31 silly audit   '@motionone/svelte': [ '10.16.4' ],
31 silly audit   '@motionone/types': [ '10.17.1' ],
31 silly audit   '@motionone/utils': [ '10.18.0' ],
31 silly audit   '@motionone/vue': [ '10.16.4' ],
31 silly audit   '@msgpack/msgpack': [ '3.1.2' ],
31 silly audit   '@napi-rs/wasm-runtime': [ '0.2.12' ],
31 silly audit   '@next/env': [ '14.0.4' ],
31 silly audit   '@next/eslint-plugin-next': [ '14.0.4' ],
31 silly audit   '@next/swc-darwin-arm64': [ '14.0.4' ],
31 silly audit   '@next/swc-darwin-x64': [ '14.0.4' ],
31 silly audit   '@next/swc-linux-arm64-gnu': [ '14.0.4' ],
31 silly audit   '@next/swc-linux-arm64-musl': [ '14.0.4' ],
31 silly audit   '@next/swc-linux-x64-gnu': [ '14.0.4' ],
31 silly audit   '@next/swc-linux-x64-musl': [ '14.0.4' ],
31 silly audit   '@next/swc-win32-arm64-msvc': [ '14.0.4' ],
31 silly audit   '@next/swc-win32-ia32-msvc': [ '14.0.4' ],
31 silly audit   '@next/swc-win32-x64-msvc': [ '14.0.4' ],
31 silly audit   '@noble/ciphers': [ '1.3.0', '1.2.1' ],
31 silly audit   '@noble/curves': [ '1.9.7', '1.8.1', '1.4.2', '1.8.0', '1.9.2', '1.9.1' ],
31 silly audit   '@noble/hashes': [ '1.8.0', '1.7.1', '1.4.0', '1.7.0' ],
31 silly audit   '@nodelib/fs.scandir': [ '2.1.5' ],
31 silly audit   '@nodelib/fs.stat': [ '2.0.5' ],
31 silly audit   '@nodelib/fs.walk': [ '1.2.8' ],
31 silly audit   '@nolyfill/is-core-module': [ '1.0.39' ],
31 silly audit   '@pkgjs/parseargs': [ '0.11.0' ],
31 silly audit   '@privy-io/api-base': [ '1.7.0', '1.4.1' ],
31 silly audit   '@privy-io/js-sdk-core': [ '0.37.1' ],
31 silly audit   '@privy-io/public-api': [ '2.15.10' ],
31 silly audit   'base-x': [ '4.0.1', '3.0.11', '5.0.1' ],
31 silly audit   bs58: [ '5.0.0', '4.0.1', '6.0.0' ],
31 silly audit   '@privy-io/react-auth': [ '1.99.1' ],
31 silly audit   '@react-aria/focus': [ '3.21.1' ],
31 silly audit   clsx: [ '2.1.1', '1.2.1' ],
31 silly audit   '@react-aria/interactions': [ '3.25.5' ],
31 silly audit   '@react-aria/ssr': [ '3.9.10' ],
31 silly audit   '@react-aria/utils': [ '3.30.1' ],
31 silly audit   '@react-stately/flags': [ '3.1.2' ],
31 silly audit   '@react-stately/utils': [ '3.10.8' ],
31 silly audit   '@react-types/shared': [ '3.32.0' ],
31 silly audit   '@reown/appkit': [ '1.7.8' ],
31 silly audit   '@reown/appkit-common': [ '1.7.8' ],
31 silly audit   '@reown/appkit-controllers': [ '1.7.8' ],
31 silly audit   '@scure/bip32': [ '1.6.2', '1.4.0', '1.7.0' ],
31 silly audit   '@scure/bip39': [ '1.5.4', '1.3.0', '1.6.0' ],
31 silly audit   '@walletconnect/core': [ '2.21.0', '2.21.8' ],
31 silly audit   '@walletconnect/keyvaluestorage': [ '1.1.1' ],
31 silly audit   '@walletconnect/sign-client': [ '2.21.0', '2.21.8' ],
31 silly audit   '@walletconnect/types': [ '2.21.0', '2.21.8' ],
31 silly audit   '@walletconnect/universal-provider': [ '2.21.0', '2.21.8' ],
31 silly audit   '@walletconnect/utils': [ '2.21.0', '2.21.8' ],
31 silly audit   viem: [ '2.23.2', '2.31.0', '2.37.6' ],
31 silly audit   abitype: [ '1.0.8', '1.1.0' ],
31 silly audit   chokidar: [ '4.0.3', '3.6.0' ],
31 silly audit   'es-toolkit': [ '1.33.0', '1.39.3' ],
31 silly audit   isows: [ '1.0.6', '1.0.7' ],
31 silly audit   ox: [ '0.6.7', '0.7.1', '0.9.3' ],
31 silly audit   readdirp: [ '4.1.2', '3.6.0' ],
31 silly audit   uint8arrays: [ '3.1.0', '3.1.1' ],
31 silly audit   unstorage: [ '1.17.1' ],
31 silly audit   '@reown/appkit-pay': [ '1.7.8' ],
31 silly audit   '@reown/appkit-polyfills': [ '1.7.8' ],
31 silly audit   '@reown/appkit-scaffold-ui': [ '1.7.8' ],
31 silly audit   '@reown/appkit-ui': [ '1.7.8' ],
31 silly audit   qrcode: [ '1.5.3', '1.5.4' ],
31 silly audit   '@reown/appkit-utils': [ '1.7.8' ],
31 silly audit   '@reown/appkit-wallet': [ '1.7.8' ],
31 silly audit   zod: [ '3.22.4', '3.25.76' ],
31 silly audit   '@rtsao/scc': [ '1.1.0' ],
31 silly audit   '@rushstack/eslint-patch': [ '1.12.0' ],
31 silly audit   '@scure/base': [ '1.2.6', '1.1.9' ],
31 silly audit   '@simplewebauthn/browser': [ '9.0.1' ],
31 silly audit   '@simplewebauthn/types': [ '9.0.1' ],
31 silly audit   '@solana/buffer-layout': [ '4.0.1' ],
31 silly audit   '@solana/codecs-core': [ '2.3.0' ],
31 silly audit   '@solana/codecs-numbers': [ '2.3.0' ],
31 silly audit   '@solana/errors': [ '2.3.0' ],
31 silly audit   '@solana/wallet-adapter-base': [ '0.9.27' ],
31 silly audit   '@solana/wallet-standard-chains': [ '1.1.1' ],
31 silly audit   '@solana/wallet-standard-features': [ '1.3.0' ],
31 silly audit   '@solana/wallet-standard-util': [ '1.1.2' ],
31 silly audit   '@solana/wallet-standard-wallet-adapter-base': [ '1.1.4' ],
31 silly audit   '@solana/wallet-standard-wallet-adapter-react': [ '1.1.4' ],
31 silly audit   '@solana/web3.js': [ '1.98.4' ],
31 silly audit   superstruct: [ '2.0.2', '1.0.4' ],
31 silly audit   '@supabase/auth-js': [ '2.71.1' ],
31 silly audit   '@supabase/functions-js': [ '2.4.6' ],
31 silly audit   '@supabase/node-fetch': [ '2.6.15' ],
31 silly audit   '@supabase/postgrest-js': [ '1.21.4' ],
31 silly audit   '@supabase/realtime-js': [ '2.15.5' ],
31 silly audit   ws: [ '8.18.3', '7.5.10', '8.18.2', '8.18.0' ],
31 silly audit   '@supabase/storage-js': [ '2.12.1' ],
31 silly audit   '@supabase/supabase-js': [ '2.57.4' ],
31 silly audit   '@swc/helpers': [ '0.5.17', '0.5.2' ],
31 silly audit   '@tanstack/react-virtual': [ '3.13.12' ],
31 silly audit   '@tanstack/virtual-core': [ '3.13.12' ],
31 silly audit   '@tybys/wasm-util': [ '0.10.1' ],
31 silly audit   '@types/bn.js': [ '5.2.0' ],
31 silly audit   '@types/connect': [ '3.4.38' ],
31 silly audit   '@types/d3-array': [ '3.2.2' ],
31 silly audit   '@types/d3-color': [ '3.1.3' ],
31 silly audit   '@types/d3-ease': [ '3.0.2' ],
31 silly audit   '@types/d3-interpolate': [ '3.0.4' ],
31 silly audit   '@types/d3-path': [ '3.1.1' ],
31 silly audit   '@types/d3-scale': [ '4.0.9' ],
31 silly audit   '@types/d3-shape': [ '3.1.7' ],
31 silly audit   '@types/d3-time': [ '3.0.4' ],
31 silly audit   '@types/d3-timer': [ '3.0.2' ],
31 silly audit   '@types/debug': [ '4.1.12' ],
31 silly audit   '@types/json5': [ '0.0.29' ],
31 silly audit   '@types/ms': [ '2.1.0' ],
31 silly audit   '@types/node': [ '20.19.16', '12.20.55' ],
31 silly audit   '@types/phoenix': [ '1.6.6' ],
31 silly audit   '@types/prop-types': [ '15.7.15' ],
31 silly audit   '@types/react': [ '18.3.24' ],
31 silly audit   '@types/react-dom': [ '18.3.7' ],
31 silly audit   '@types/stylis': [ '4.2.5' ],
31 silly audit   '@types/trusted-types': [ '2.0.7' ],
31 silly audit   '@types/uuid': [ '8.3.4' ],
31 silly audit   '@types/ws': [ '8.18.1', '7.4.7' ],
31 silly audit   '@typescript-eslint/parser': [ '6.21.0' ],
31 silly audit   '@typescript-eslint/scope-manager': [ '6.21.0' ],
31 silly audit   '@typescript-eslint/types': [ '6.21.0' ],
31 silly audit   '@typescript-eslint/typescript-estree': [ '6.21.0' ],
31 silly audit   'brace-expansion': [ '2.0.2', '1.1.12' ],
31 silly audit   minimatch: [ '9.0.3', '3.1.2', '9.0.5' ],
31 silly audit   '@typescript-eslint/visitor-keys': [ '6.21.0' ],
31 silly audit   '@ungap/structured-clone': [ '1.3.0' ],
31 silly audit   '@unrs/resolver-binding-android-arm-eabi': [ '1.11.1' ],
31 silly audit   '@unrs/resolver-binding-android-arm64': [ '1.11.1' ],
31 silly audit   '@unrs/resolver-binding-darwin-arm64': [ '1.11.1' ],
31 silly audit   '@unrs/resolver-binding-darwin-x64': [ '1.11.1' ],
31 silly audit   '@unrs/resolver-binding-freebsd-x64': [ '1.11.1' ],
31 silly audit   '@unrs/resolver-binding-linux-arm-gnueabihf': [ '1.11.1' ],
31 silly audit   '@unrs/resolver-binding-linux-arm-musleabihf': [ '1.11.1' ],
31 silly audit   '@unrs/resolver-binding-linux-arm64-gnu': [ '1.11.1' ],
31 silly audit   '@unrs/resolver-binding-linux-arm64-musl': [ '1.11.1' ],
31 silly audit   '@unrs/resolver-binding-linux-ppc64-gnu': [ '1.11.1' ],
31 silly audit   '@unrs/resolver-binding-linux-riscv64-gnu': [ '1.11.1' ],
31 silly audit   '@unrs/resolver-binding-linux-riscv64-musl': [ '1.11.1' ],
31 silly audit   '@unrs/resolver-binding-linux-s390x-gnu': [ '1.11.1' ],
31 silly audit   '@unrs/resolver-binding-linux-x64-gnu': [ '1.11.1' ],
31 silly audit   '@unrs/resolver-binding-linux-x64-musl': [ '1.11.1' ],
31 silly audit   '@unrs/resolver-binding-wasm32-wasi': [ '1.11.1' ],
31 silly audit   '@unrs/resolver-binding-win32-arm64-msvc': [ '1.11.1' ],
31 silly audit   '@unrs/resolver-binding-win32-ia32-msvc': [ '1.11.1' ],
31 silly audit   '@unrs/resolver-binding-win32-x64-msvc': [ '1.11.1' ],
31 silly audit   '@wallet-standard/app': [ '1.1.0' ],
31 silly audit   '@wallet-standard/base': [ '1.1.0' ],
31 silly audit   '@wallet-standard/features': [ '1.1.0' ],
31 silly audit   '@wallet-standard/wallet': [ '1.1.0' ],
31 silly audit   '@walletconnect/environment': [ '1.0.1' ],
31 silly audit   tslib: [ '1.14.1', '2.6.2', '2.8.1' ],
31 silly audit   '@walletconnect/ethereum-provider': [ '2.21.8' ],
31 silly audit   '@walletconnect/events': [ '1.0.1' ],
31 silly audit   '@walletconnect/heartbeat': [ '1.2.2' ],
31 silly audit   '@walletconnect/jsonrpc-http-connection': [ '1.0.8' ],
31 silly audit   '@walletconnect/jsonrpc-provider': [ '1.0.14' ],
31 silly audit   '@walletconnect/jsonrpc-types': [ '1.0.4' ],
31 silly audit   '@walletconnect/jsonrpc-utils': [ '1.0.8' ],
31 silly audit   '@walletconnect/jsonrpc-ws-connection': [ '1.0.16' ],
31 silly audit   '@walletconnect/logger': [ '2.1.2' ],
31 silly audit   '@walletconnect/modal': [ '2.7.0' ],
31 silly audit   '@walletconnect/modal-core': [ '2.7.0' ],
31 silly audit   'proxy-compare': [ '2.5.1', '2.6.0' ],
31 silly audit   'use-sync-external-store': [ '1.2.0', '1.5.0' ],
31 silly audit   valtio: [ '1.11.2', '1.13.2' ],
31 silly audit   '@walletconnect/modal-ui': [ '2.7.0' ],
31 silly audit   lit: [ '2.8.0', '3.3.0' ],
31 silly audit   'lit-element': [ '3.3.3', '4.2.1' ],
31 silly audit   'lit-html': [ '2.8.0', '3.3.1' ],
31 silly audit   '@walletconnect/relay-api': [ '1.0.11' ],
31 silly audit   '@walletconnect/relay-auth': [ '1.1.0' ],
31 silly audit   '@walletconnect/safe-json': [ '1.0.2' ],
31 silly audit   '@walletconnect/time': [ '1.0.2' ],
31 silly audit   '@walletconnect/window-getters': [ '1.0.1' ],
31 silly audit   '@walletconnect/window-metadata': [ '1.0.1' ],
31 silly audit   'abort-controller': [ '3.0.0' ],
31 silly audit   'abortcontroller-polyfill': [ '1.7.8' ],
31 silly audit   acorn: [ '8.15.0' ],
31 silly audit   'acorn-jsx': [ '5.3.2' ],
31 silly audit   'aes-js': [ '3.0.0' ],
31 silly audit   agentkeepalive: [ '4.6.0' ],
31 silly audit   ajv: [ '6.12.6' ],
31 silly audit   'any-promise': [ '1.3.0' ],
31 silly audit   anymatch: [ '3.1.3' ],
31 silly audit   arg: [ '5.0.2' ],
31 silly audit   argparse: [ '2.0.1' ],
31 silly audit   'aria-query': [ '5.3.2' ],
31 silly audit   'array-buffer-byte-length': [ '1.0.2' ],
31 silly audit   'array-includes': [ '3.1.9' ],
31 silly audit   'array-union': [ '2.1.0' ],
31 silly audit   'array.prototype.findlast': [ '1.2.5' ],
31 silly audit   'array.prototype.findlastindex': [ '1.2.6' ],
31 silly audit   'array.prototype.flat': [ '1.3.3' ],
31 silly audit   'array.prototype.flatmap': [ '1.3.3' ],
31 silly audit   'array.prototype.tosorted': [ '1.1.4' ],
31 silly audit   'arraybuffer.prototype.slice': [ '1.0.4' ],
31 silly audit   'ast-types-flow': [ '0.0.8' ],
31 silly audit   'async-function': [ '1.0.0' ],
31 silly audit   'atomic-sleep': [ '1.0.0' ],
31 silly audit   autoprefixer: [ '10.4.21' ],
31 silly audit   'available-typed-arrays': [ '1.0.7' ],
31 silly audit   'axe-core': [ '4.10.3' ],
31 silly audit   'axobject-query': [ '4.1.0' ],
31 silly audit   'balanced-match': [ '1.0.2' ],
31 silly audit   'base64-js': [ '1.5.1' ],
31 silly audit   'baseline-browser-mapping': [ '2.8.5' ],
31 silly audit   bech32: [ '1.1.4' ],
31 silly audit   'big.js': [ '6.2.2' ],
31 silly audit   'bignumber.js': [ '9.3.1' ],
31 silly audit   'binary-extensions': [ '2.3.0' ],
31 silly audit   blakejs: [ '1.2.1' ],
31 silly audit   'bn.js': [ '5.2.2', '4.12.2', '4.11.6' ],
31 silly audit   borsh: [ '0.7.0' ],
31 silly audit   braces: [ '3.0.3' ],
31 silly audit   brorand: [ '1.1.0' ],
31 silly audit   browserslist: [ '4.26.2' ],
31 silly audit   buffer: [ '6.0.3' ],
31 silly audit   bufferutil: [ '4.0.9' ],
31 silly audit   busboy: [ '1.6.0' ],
31 silly audit   'call-bind': [ '1.0.8' ],
31 silly audit   'call-bind-apply-helpers': [ '1.0.2' ],
31 silly audit   'call-bound': [ '1.0.4' ],
31 silly audit   callsites: [ '3.1.0' ],
31 silly audit   camelcase: [ '5.3.1' ],
31 silly audit   'camelcase-css': [ '2.0.1' ],
31 silly audit   camelize: [ '1.0.1' ],
31 silly audit   'caniuse-lite': [ '1.0.30001743' ],
31 silly audit   chalk: [ '5.6.2', '4.1.2' ],
31 silly audit   charenc: [ '0.0.2' ],
31 silly audit   'glob-parent': [ '5.1.2', '6.0.2' ],
31 silly audit   'client-only': [ '0.0.1' ],
31 silly audit   cliui: [ '6.0.0' ],
31 silly audit   'color-convert': [ '2.0.1' ],
31 silly audit   'color-name': [ '1.1.4' ],
31 silly audit   colorette: [ '2.0.20' ],
31 silly audit   commander: [ '14.0.1', '2.20.3', '4.1.1' ],
31 silly audit   'concat-map': [ '0.0.1' ],
31 silly audit   'cookie-es': [ '1.2.2' ],
31 silly audit   'crc-32': [ '1.2.2' ],
31 silly audit   'cross-fetch': [ '3.2.0', '4.1.0' ],
31 silly audit   'cross-spawn': [ '7.0.6' ],
31 silly audit   crossws: [ '0.3.5' ],
31 silly audit   crypt: [ '0.0.2' ],
31 silly audit   'css-color-keywords': [ '1.0.0' ],
31 silly audit   'css-to-react-native': [ '3.2.0' ],
31 silly audit   cssesc: [ '3.0.0' ],
31 silly audit   csstype: [ '3.1.3' ],
31 silly audit   d: [ '1.0.2' ],
31 silly audit   'd3-array': [ '3.2.4' ],
31 silly audit   'd3-color': [ '3.1.0' ],
31 silly audit   'd3-ease': [ '3.0.1' ],
31 silly audit   'd3-format': [ '3.1.0' ],
31 silly audit   'd3-interpolate': [ '3.0.1' ],
31 silly audit   'd3-path': [ '3.1.0' ],
31 silly audit   'd3-scale': [ '4.0.2' ],
31 silly audit   'd3-shape': [ '3.2.0' ],
31 silly audit   'd3-time': [ '3.1.0' ],
31 silly audit   'd3-time-format': [ '4.1.0' ],
31 silly audit   'd3-timer': [ '3.0.1' ],
31 silly audit   'damerau-levenshtein': [ '1.0.8' ],
31 silly audit   'data-view-buffer': [ '1.0.2' ],
31 silly audit   'data-view-byte-length': [ '1.0.2' ],
31 silly audit   'data-view-byte-offset': [ '1.0.1' ],
31 silly audit   dateformat: [ '4.6.3' ],
31 silly audit   dayjs: [ '1.11.13' ],
31 silly audit   debug: [ '4.4.3', '3.2.7', '2.6.9' ],
31 silly audit   decamelize: [ '1.2.0' ],
31 silly audit   'decimal.js-light': [ '2.5.1' ],
31 silly audit   'decode-uri-component': [ '0.2.2' ],
31 silly audit   'deep-is': [ '0.1.4' ],
31 silly audit   'define-data-property': [ '1.1.4' ],
31 silly audit   'define-properties': [ '1.2.1' ],
31 silly audit   defu: [ '6.1.4' ],
31 silly audit   delay: [ '5.0.0' ],
31 silly audit   'derive-valtio': [ '0.1.0' ],
31 silly audit   destr: [ '2.0.5' ],
31 silly audit   'detect-browser': [ '5.3.0' ],
31 silly audit   didyoumean: [ '1.2.2' ],
31 silly audit   dijkstrajs: [ '1.0.3' ],
31 silly audit   'dir-glob': [ '3.0.1' ],
31 silly audit   dlv: [ '1.1.3' ],
31 silly audit   doctrine: [ '3.0.0', '2.1.0' ],
31 silly audit   'dom-helpers': [ '5.2.1' ],
31 silly audit   dotenv: [ '16.6.1' ],
31 silly audit   'dunder-proto': [ '1.0.1' ],
31 silly audit   duplexify: [ '4.1.3' ],
31 silly audit   eastasianwidth: [ '0.2.0' ],
31 silly audit   'electron-to-chromium': [ '1.5.220' ],
31 silly audit   elliptic: [ '6.6.1' ],
31 silly audit   'emoji-regex': [ '9.2.2', '8.0.0' ],
31 silly audit   'encode-utf8': [ '1.0.3' ],
31 silly audit   encoding: [ '0.1.13' ],
31 silly audit   'end-of-stream': [ '1.4.5' ],
31 silly audit   'es-abstract': [ '1.24.0' ],
31 silly audit   'es-define-property': [ '1.0.1' ],
31 silly audit   'es-errors': [ '1.3.0' ],
31 silly audit   'es-iterator-helpers': [ '1.2.1' ],
31 silly audit   'es-object-atoms': [ '1.1.1' ],
31 silly audit   'es-set-tostringtag': [ '2.1.0' ],
31 silly audit   'es-shim-unscopables': [ '1.1.0' ],
31 silly audit   'es-to-primitive': [ '1.3.0' ],
31 silly audit   'es5-ext': [ '0.10.64' ],
31 silly audit   'es6-iterator': [ '2.0.3' ],
31 silly audit   'es6-promise': [ '4.2.8' ],
31 silly audit   'es6-promisify': [ '5.0.0' ],
31 silly audit   'es6-symbol': [ '3.1.4' ],
31 silly audit   escalade: [ '3.2.0' ],
31 silly audit   'escape-string-regexp': [ '4.0.0' ],
31 silly audit   eslint: [ '8.57.1' ],
31 silly audit   'eslint-config-next': [ '14.0.4' ],
31 silly audit   'eslint-import-resolver-node': [ '0.3.9' ],
31 silly audit   'eslint-import-resolver-typescript': [ '3.10.1' ],
31 silly audit   'eslint-module-utils': [ '2.12.1' ],
31 silly audit   'eslint-plugin-import': [ '2.32.0' ],
31 silly audit   semver: [ '6.3.1', '7.7.2' ],
31 silly audit   'eslint-plugin-jsx-a11y': [ '6.10.2' ],
31 silly audit   'eslint-plugin-react': [ '7.37.5' ],
31 silly audit   'eslint-plugin-react-hooks': [ '5.0.0-canary-7118f5dd7-20230705' ],
31 silly audit   resolve: [ '2.0.0-next.5', '1.22.10' ],
31 silly audit   'eslint-scope': [ '7.2.2' ],
31 silly audit   'eslint-visitor-keys': [ '3.4.3' ],
31 silly audit   esniff: [ '2.0.1' ],
31 silly audit   espree: [ '9.6.1' ],
31 silly audit   esquery: [ '1.6.0' ],
31 silly audit   esrecurse: [ '4.3.0' ],
31 silly audit   estraverse: [ '5.3.0' ],
31 silly audit   esutils: [ '2.0.3' ],
31 silly audit   'ethereum-bloom-filters': [ '1.2.0' ],
31 silly audit   'ethereum-cryptography': [ '2.2.1' ],
31 silly audit   ethers: [ '5.8.0' ],
31 silly audit   'ethjs-unit': [ '0.1.6' ],
31 silly audit   'ethjs-util': [ '0.1.6' ],
31 silly audit   'event-emitter': [ '0.3.5' ],
31 silly audit   'event-target-shim': [ '5.0.1' ],
31 silly audit   eventemitter3: [ '5.0.1', '4.0.7', '4.0.4' ],
31 silly audit   events: [ '3.3.0' ],
31 silly audit   ext: [ '1.7.0' ],
31 silly audit   eyes: [ '0.1.8' ],
31 silly audit   'fast-copy': [ '3.0.2' ],
31 silly audit   'fast-deep-equal': [ '3.1.3' ],
31 silly audit   'fast-equals': [ '5.2.2' ],
31 silly audit   'fast-glob': [ '3.3.3' ],
31 silly audit   'fast-json-stable-stringify': [ '2.1.0' ],
31 silly audit   'fast-levenshtein': [ '2.0.6' ],
31 silly audit   'fast-password-entropy': [ '1.1.1' ],
31 silly audit   'fast-redact': [ '3.5.0' ],
31 silly audit   'fast-safe-stringify': [ '2.1.1' ],
31 silly audit   'fast-stable-stringify': [ '1.0.0' ],
31 silly audit   fastq: [ '1.19.1' ],
31 silly audit   'fetch-retry': [ '5.0.6' ],
31 silly audit   'file-entry-cache': [ '6.0.1' ],
31 silly audit   'fill-range': [ '7.1.1' ],
31 silly audit   'filter-obj': [ '1.1.0' ],
31 silly audit   'find-up': [ '5.0.0', '4.1.0' ],
31 silly audit   'flat-cache': [ '3.2.0' ],
31 silly audit   flatted: [ '3.3.3' ],
31 silly audit   'for-each': [ '0.3.5' ],
31 silly audit   'foreground-child': [ '3.3.1' ],
31 silly audit   'fraction.js': [ '4.3.7' ],
31 silly audit   'fs.realpath': [ '1.0.0' ],
31 silly audit   fsevents: [ '2.3.3' ],
31 silly audit   'function-bind': [ '1.1.2' ],
31 silly audit   'function.prototype.name': [ '1.1.8' ],
31 silly audit   'functions-have-names': [ '1.2.3' ],
31 silly audit   'get-caller-file': [ '2.0.5' ],
31 silly audit   'get-intrinsic': [ '1.3.0' ],
31 silly audit   'get-proto': [ '1.0.1' ],
31 silly audit   'get-symbol-description': [ '1.1.0' ],
31 silly audit   'get-tsconfig': [ '4.10.1' ],
31 silly audit   glob: [ '7.1.7', '10.4.5' ],
31 silly audit   'glob-to-regexp': [ '0.4.1' ],
31 silly audit   globals: [ '13.24.0' ],
31 silly audit   globalthis: [ '1.0.4' ],
31 silly audit   globby: [ '11.1.0' ],
31 silly audit   gopd: [ '1.2.0' ],
31 silly audit   'graceful-fs': [ '4.2.11' ],
31 silly audit   graphemer: [ '1.4.0' ],
31 silly audit   h3: [ '1.15.4' ],
31 silly audit   'has-bigints': [ '1.1.0' ],
31 silly audit   'has-flag': [ '4.0.0' ],
31 silly audit   'has-property-descriptors': [ '1.0.2' ],
31 silly audit   'has-proto': [ '1.2.0' ],
31 silly audit   'has-symbols': [ '1.1.0' ],
31 silly audit   'has-tostringtag': [ '1.0.2' ],
31 silly audit   'hash.js': [ '1.1.7' ],
31 silly audit   hasown: [ '2.0.2' ],
31 silly audit   'help-me': [ '5.0.0' ],
31 silly audit   'hey-listen': [ '1.0.8' ],
31 silly audit   'hmac-drbg': [ '1.0.1' ],
31 silly audit   'http-https': [ '1.0.0' ],
31 silly audit   'humanize-ms': [ '1.2.1' ],
31 silly audit   'iconv-lite': [ '0.6.3' ],
31 silly audit   'idb-keyval': [ '6.2.2' ],
31 silly audit   ieee754: [ '1.2.1' ],
31 silly audit   ignore: [ '5.3.2' ],
31 silly audit   'import-fresh': [ '3.3.1' ],
31 silly audit   imurmurhash: [ '0.1.4' ],
31 silly audit   inflight: [ '1.0.6' ],
31 silly audit   inherits: [ '2.0.4' ],
31 silly audit   'internal-slot': [ '1.1.0' ],
31 silly audit   internmap: [ '2.0.3' ],
31 silly audit   'iron-webcrypto': [ '1.2.1' ],
31 silly audit   'is-arguments': [ '1.2.0' ],
31 silly audit   'is-array-buffer': [ '3.0.5' ],
31 silly audit   'is-async-function': [ '2.1.1' ],
31 silly audit   'is-bigint': [ '1.1.0' ],
31 silly audit   'is-binary-path': [ '2.1.0' ],
31 silly audit   'is-boolean-object': [ '1.2.2' ],
31 silly audit   'is-buffer': [ '1.1.6' ],
31 silly audit   'is-bun-module': [ '2.0.0' ],
31 silly audit   'is-callable': [ '1.2.7' ],
31 silly audit   'is-core-module': [ '2.16.1' ],
31 silly audit   'is-data-view': [ '1.0.2' ],
31 silly audit   'is-date-object': [ '1.1.0' ],
31 silly audit   'is-extglob': [ '2.1.1' ],
31 silly audit   'is-finalizationregistry': [ '1.1.1' ],
31 silly audit   'is-fullwidth-code-point': [ '3.0.0' ],
31 silly audit   'is-generator-function': [ '1.1.0' ],
31 silly audit   'is-glob': [ '4.0.3' ],
31 silly audit   'is-hex-prefixed': [ '1.0.0' ],
31 silly audit   'is-map': [ '2.0.3' ],
31 silly audit   'is-negative-zero': [ '2.0.3' ],
31 silly audit   'is-number': [ '7.0.0' ],
31 silly audit   'is-number-object': [ '1.1.1' ],
31 silly audit   'is-path-inside': [ '3.0.3' ],
31 silly audit   'is-regex': [ '1.2.1' ],
31 silly audit   'is-set': [ '2.0.3' ],
31 silly audit   'is-shared-array-buffer': [ '1.0.4' ],
31 silly audit   'is-string': [ '1.1.1' ],
31 silly audit   'is-symbol': [ '1.1.1' ],
31 silly audit   'is-typed-array': [ '1.1.15' ],
31 silly audit   'is-typedarray': [ '1.0.0' ],
31 silly audit   'is-weakmap': [ '2.0.2' ],
31 silly audit   'is-weakref': [ '1.1.1' ],
31 silly audit   'is-weakset': [ '2.0.4' ],
31 silly audit   isarray: [ '2.0.5' ],
31 silly audit   isexe: [ '2.0.0' ],
31 silly audit   'isomorphic-ws': [ '4.0.1' ],
31 silly audit   'iterator.prototype': [ '1.1.5' ],
31 silly audit   jackspeak: [ '3.4.3' ],
31 silly audit   jayson: [ '4.2.0' ],
31 silly audit   uuid: [ '8.3.2', '9.0.1' ],
31 silly audit   jiti: [ '1.21.7' ],
31 silly audit   jose: [ '4.15.9' ],
31 silly audit   joycon: [ '3.1.1' ],
31 silly audit   'js-cookie': [ '3.0.5' ],
31 silly audit   'js-sha3': [ '0.8.0' ],
31 silly audit   'js-tokens': [ '4.0.0' ],
31 silly audit   'js-yaml': [ '4.1.0' ],
31 silly audit   'json-buffer': [ '3.0.1' ],
31 silly audit   'json-schema-traverse': [ '0.4.1' ],
31 silly audit   'json-stable-stringify-without-jsonify': [ '1.0.1' ],
31 silly audit   'json-stringify-safe': [ '5.0.1' ],
31 silly audit   json5: [ '1.0.2' ],
31 silly audit   'jsx-ast-utils': [ '3.3.5' ],
31 silly audit   keccak: [ '3.0.4' ],
31 silly audit   keyv: [ '4.5.4' ],
31 silly audit   'keyvaluestorage-interface': [ '1.0.0' ],
31 silly audit   'language-subtag-registry': [ '0.3.23' ],
31 silly audit   'language-tags': [ '1.0.9' ],
31 silly audit   levn: [ '0.4.1' ],
31 silly audit   'libphonenumber-js': [ '1.12.17' ],
31 silly audit   lilconfig: [ '3.1.3' ],
31 silly audit   'lines-and-columns': [ '1.2.4' ],
31 silly audit   'locate-path': [ '6.0.0', '5.0.0' ],
31 silly audit   lodash: [ '4.17.21' ],
31 silly audit   'lodash.merge': [ '4.6.2' ],
31 silly audit   lokijs: [ '1.5.12' ],
31 silly audit   'loose-envify': [ '1.4.0' ],
31 silly audit   'lru-cache': [ '10.4.3' ],
31 silly audit   'lucide-react': [ '0.294.0' ],
31 silly audit   'math-intrinsics': [ '1.1.0' ],
31 silly audit   md5: [ '2.3.0' ],
31 silly audit   merge2: [ '1.4.1' ],
31 silly audit   'micro-ftch': [ '0.3.1' ],
31 silly audit   micromatch: [ '4.0.8' ],
31 silly audit   'minimalistic-assert': [ '1.0.1' ],
31 silly audit   'minimalistic-crypto-utils': [ '1.0.1' ],
31 silly audit   minimist: [ '1.2.8' ],
31 silly audit   minipass: [ '7.1.2' ],
31 silly audit   mipd: [ '0.0.7' ],
31 silly audit   motion: [ '10.16.2' ],
31 silly audit   ms: [ '2.1.3', '2.0.0' ],
31 silly audit   multiformats: [ '9.9.0' ],
31 silly audit   mz: [ '2.7.0' ],
31 silly audit   nanoid: [ '3.3.11' ],
31 silly audit   'napi-postinstall': [ '0.3.3' ],
31 silly audit   'natural-compare': [ '1.4.0' ],
31 silly audit   next: [ '14.0.4' ],
31 silly audit   'next-tick': [ '1.1.0' ],
31 silly audit   postcss: [ '8.4.31', '8.5.6', '8.4.49' ],
31 silly audit   'node-addon-api': [ '2.0.2' ],
31 silly audit   'node-fetch': [ '2.7.0' ],
31 silly audit   'node-fetch-native': [ '1.6.7' ],
31 silly audit   'node-gyp-build': [ '4.8.4' ],
31 silly audit   'node-mock-http': [ '1.0.3' ],
31 silly audit   'node-releases': [ '2.0.21' ],
31 silly audit   'normalize-path': [ '3.0.0' ],
31 silly audit   'normalize-range': [ '0.1.2' ],
31 silly audit   'number-to-bn': [ '1.7.0' ],
31 silly audit   'object-assign': [ '4.1.1' ],
31 silly audit   'object-hash': [ '3.0.0' ],
31 silly audit   'object-inspect': [ '1.13.4' ],
31 silly audit   'object-keys': [ '1.1.1' ],
31 silly audit   'object.assign': [ '4.1.7' ],
31 silly audit   'object.entries': [ '1.1.9' ],
31 silly audit   'object.fromentries': [ '2.0.8' ],
31 silly audit   'object.groupby': [ '1.0.3' ],
31 silly audit   'object.values': [ '1.2.1' ],
31 silly audit   oboe: [ '2.1.5' ],
31 silly audit   ofetch: [ '1.4.1' ],
31 silly audit   'on-exit-leak-free': [ '0.2.0', '2.1.2' ],
31 silly audit   once: [ '1.4.0' ],
31 silly audit   optionator: [ '0.9.4' ],
31 silly audit   'own-keys': [ '1.0.1' ],
31 silly audit   'p-limit': [ '3.1.0', '2.3.0' ],
31 silly audit   'p-locate': [ '5.0.0', '4.1.0' ],
31 silly audit   'p-try': [ '2.2.0' ],
31 silly audit   'package-json-from-dist': [ '1.0.1' ],
31 silly audit   'parent-module': [ '1.0.1' ],
31 silly audit   'path-exists': [ '4.0.0' ],
31 silly audit   'path-is-absolute': [ '1.0.1' ],
31 silly audit   'path-key': [ '3.1.1' ],
31 silly audit   'path-parse': [ '1.0.7' ],
31 silly audit   'path-scurry': [ '1.11.1' ],
31 silly audit   'path-type': [ '4.0.0' ],
31 silly audit   picocolors: [ '1.1.1' ],
31 silly audit   picomatch: [ '2.3.1', '4.0.3' ],
31 silly audit   pify: [ '2.3.0' ],
31 silly audit   pino: [ '7.11.0' ],
31 silly audit   'pino-abstract-transport': [ '0.5.0', '1.2.0' ],
31 silly audit   'pino-pretty': [ '10.3.1' ],
31 silly audit   'readable-stream': [ '4.7.0', '3.6.2' ],
31 silly audit   'sonic-boom': [ '3.8.1', '2.8.0' ],
31 silly audit   'pino-std-serializers': [ '4.0.0' ],
31 silly audit   pirates: [ '4.0.7' ],
31 silly audit   pngjs: [ '5.0.0' ],
31 silly audit   'possible-typed-array-names': [ '1.1.0' ],
31 silly audit   'postcss-import': [ '15.1.0' ],
31 silly audit   'postcss-js': [ '4.1.0' ],
31 silly audit   'postcss-load-config': [ '4.0.2' ],
31 silly audit   'postcss-nested': [ '6.2.0' ],
31 silly audit   'postcss-selector-parser': [ '6.1.2' ],
31 silly audit   'postcss-value-parser': [ '4.2.0' ],
31 silly audit   preact: [ '10.27.2' ],
31 silly audit   'prelude-ls': [ '1.2.1' ],
31 silly audit   process: [ '0.11.10' ],
31 silly audit   'process-warning': [ '1.0.0' ],
31 silly audit   'prop-types': [ '15.8.1' ],
31 silly audit   pump: [ '3.0.3' ],
31 silly audit   punycode: [ '2.3.1' ],
31 silly audit   'query-string': [ '7.1.3' ],
31 silly audit   'queue-microtask': [ '1.2.3' ],
31 silly audit   'quick-format-unescaped': [ '4.0.4' ],
31 silly audit   radix3: [ '1.1.2' ],
31 silly audit   randombytes: [ '2.1.0' ],
31 silly audit   react: [ '18.3.1' ],
31 silly audit   'react-device-detect': [ '2.2.3' ],
31 silly audit   'react-dom': [ '18.3.1' ],
31 silly audit   'react-is': [ '16.13.1', '18.3.1' ],
31 silly audit   'react-smooth': [ '4.0.4' ],
31 silly audit   'react-transition-group': [ '4.4.5' ],
31 silly audit   'read-cache': [ '1.0.0' ],
31 silly audit   'real-require': [ '0.1.0' ],
31 silly audit   recharts: [ '2.15.4' ],
31 silly audit   'recharts-scale': [ '0.4.5' ],
31 silly audit   'reflect.getprototypeof': [ '1.0.10' ],
31 silly audit   'regexp.prototype.flags': [ '1.5.4' ],
31 silly audit   'require-directory': [ '2.1.1' ],
31 silly audit   'require-main-filename': [ '2.0.0' ],
31 silly audit   'resolve-from': [ '4.0.0' ],
31 silly audit   'resolve-pkg-maps': [ '1.0.0' ],
31 silly audit   reusify: [ '1.1.0' ],
31 silly audit   rimraf: [ '3.0.2' ],
31 silly audit   'rpc-websockets': [ '9.1.3' ],
31 silly audit   'run-parallel': [ '1.2.0' ],
31 silly audit   'safe-array-concat': [ '1.1.3' ],
31 silly audit   'safe-buffer': [ '5.2.1' ],
31 silly audit   'safe-push-apply': [ '1.0.0' ],
31 silly audit   'safe-regex-test': [ '1.1.0' ],
31 silly audit   'safe-stable-stringify': [ '2.5.0' ],
31 silly audit   'safer-buffer': [ '2.1.2' ],
31 silly audit   scheduler: [ '0.23.2' ],
31 silly audit   'scrypt-js': [ '3.0.1' ],
31 silly audit   'secure-json-parse': [ '2.7.0' ],
31 silly audit   'secure-password-utilities': [ '0.2.1' ],
31 silly audit   'set-blocking': [ '2.0.0' ],
31 silly audit   'set-cookie-parser': [ '2.7.1' ],
31 silly audit   'set-function-length': [ '1.2.2' ],
31 silly audit   'set-function-name': [ '2.0.2' ],
31 silly audit   'set-proto': [ '1.0.0' ],
31 silly audit   'sha.js': [ '2.4.12' ],
31 silly audit   shallowequal: [ '1.1.0' ],
31 silly audit   'shebang-command': [ '2.0.0' ],
31 silly audit   'shebang-regex': [ '3.0.0' ],
31 silly audit   'side-channel': [ '1.1.0' ],
31 silly audit   'side-channel-list': [ '1.0.0' ],
31 silly audit   'side-channel-map': [ '1.0.1' ],
31 silly audit   'side-channel-weakmap': [ '1.0.2' ],
31 silly audit   'signal-exit': [ '4.1.0' ],
31 silly audit   slash: [ '3.0.0' ],
31 silly audit   'source-map-js': [ '1.2.1' ],
31 silly audit   'split-on-first': [ '1.1.0' ],
31 silly audit   split2: [ '4.2.0' ],
31 silly audit   'stable-hash': [ '0.0.5' ],
31 silly audit   'stop-iteration-iterator': [ '1.1.0' ],
31 silly audit   'stream-chain': [ '2.2.5' ],
31 silly audit   'stream-json': [ '1.9.1' ],
31 silly audit   'stream-shift': [ '1.0.3' ],
31 silly audit   streamsearch: [ '1.1.0' ],
31 silly audit   'strict-uri-encode': [ '2.0.0' ],
31 silly audit   string_decoder: [ '1.3.0' ],
31 silly audit   'string.prototype.includes': [ '2.0.1' ],
31 silly audit   'string.prototype.matchall': [ '4.0.12' ],
31 silly audit   'string.prototype.repeat': [ '1.0.0' ],
31 silly audit   'string.prototype.trim': [ '1.2.10' ],
31 silly audit   'string.prototype.trimend': [ '1.0.9' ],
31 silly audit   'string.prototype.trimstart': [ '1.0.8' ],
31 silly audit   'strip-bom': [ '3.0.0' ],
31 silly audit   'strip-hex-prefix': [ '1.0.0' ],
31 silly audit   'strip-json-comments': [ '3.1.1' ],
31 silly audit   'styled-components': [ '6.1.19' ],
31 silly audit   stylis: [ '4.3.2', '4.3.6' ],
31 silly audit   'styled-jsx': [ '5.1.1' ],
31 silly audit   sucrase: [ '3.35.0' ],
31 silly audit   'supports-color': [ '7.2.0' ],
31 silly audit   'supports-preserve-symlinks-flag': [ '1.0.0' ],
31 silly audit   tabbable: [ '6.2.0' ],
31 silly audit   tailwindcss: [ '3.4.17' ],
31 silly audit   'text-encoding-utf-8': [ '1.0.2' ],
31 silly audit   'text-table': [ '0.2.0' ],
31 silly audit   thenify: [ '3.3.1' ],
31 silly audit   'thenify-all': [ '1.6.0' ],
31 silly audit   'thread-stream': [ '0.15.2' ],
31 silly audit   'tiny-invariant': [ '1.3.3' ],
31 silly audit   tinycolor2: [ '1.6.0' ],
31 silly audit   tinyglobby: [ '0.2.15' ],
31 silly audit   fdir: [ '6.5.0' ],
31 silly audit   'to-buffer': [ '1.2.1' ],
31 silly audit   'to-regex-range': [ '5.0.1' ],
31 silly audit   tr46: [ '0.0.3' ],
31 silly audit   'ts-api-utils': [ '1.4.3' ],
31 silly audit   'ts-interface-checker': [ '0.1.13' ],
31 silly audit   'tsconfig-paths': [ '3.15.0' ],
31 silly audit   tweetnacl: [ '1.0.3' ],
31 silly audit   'tweetnacl-util': [ '0.15.1' ],
31 silly audit   type: [ '2.7.3' ],
31 silly audit   'type-check': [ '0.4.0' ],
31 silly audit   'type-fest': [ '0.20.2' ],
31 silly audit   'typed-array-buffer': [ '1.0.3' ],
31 silly audit   'typed-array-byte-length': [ '1.0.3' ],
31 silly audit   'typed-array-byte-offset': [ '1.0.4' ],
31 silly audit   'typed-array-length': [ '1.0.7' ],
31 silly audit   'typedarray-to-buffer': [ '3.1.5' ],
31 silly audit   typescript: [ '5.9.2' ],
31 silly audit   'ua-parser-js': [ '1.0.41' ],
31 silly audit   ufo: [ '1.6.1' ],
31 silly audit   'unbox-primitive': [ '1.1.0' ],
31 silly audit   uncrypto: [ '0.1.3' ],
31 silly audit   'undici-types': [ '6.21.0' ],
31 silly audit   'unrs-resolver': [ '1.11.1' ],
31 silly audit   'update-browserslist-db': [ '1.1.3' ],
31 silly audit   'uri-js': [ '4.4.1' ],
31 silly audit   'utf-8-validate': [ '5.0.10' ],
31 silly audit   utf8: [ '3.0.0' ],
31 silly audit   util: [ '0.12.5' ],
31 silly audit   'util-deprecate': [ '1.0.2' ],
31 silly audit   'victory-vendor': [ '36.9.2' ],
31 silly audit   watchpack: [ '2.4.0' ],
31 silly audit   'web3-core': [ '1.10.4' ],
31 silly audit   'web3-core-helpers': [ '1.10.4' ],
31 silly audit   'web3-core-method': [ '1.10.4' ],
31 silly audit   'web3-core-promievent': [ '1.10.4' ],
31 silly audit   'web3-core-requestmanager': [ '1.10.4' ],
31 silly audit   'web3-core-subscriptions': [ '1.10.4' ],
31 silly audit   'web3-eth-iban': [ '1.10.4' ],
31 silly audit   'web3-providers-http': [ '1.10.4' ],
31 silly audit   'web3-providers-ipc': [ '1.10.4' ],
31 silly audit   'web3-providers-ws': [ '1.10.4' ],
31 silly audit   'web3-utils': [ '1.10.4' ],
31 silly audit   'webidl-conversions': [ '3.0.1' ],
31 silly audit   websocket: [ '1.0.35' ],
31 silly audit   'whatwg-url': [ '5.0.0' ],
31 silly audit   which: [ '2.0.2' ],
31 silly audit   'which-boxed-primitive': [ '1.1.1' ],
31 silly audit   'which-builtin-type': [ '1.2.1' ],
31 silly audit   'which-collection': [ '1.0.2' ],
31 silly audit   'which-module': [ '2.0.1' ],
31 silly audit   'which-typed-array': [ '1.1.19' ],
31 silly audit   'word-wrap': [ '1.2.5' ],
31 silly audit   wrappy: [ '1.0.2' ],
31 silly audit   y18n: [ '4.0.3' ],
31 silly audit   yaeti: [ '0.0.6' ],
31 silly audit   yaml: [ '2.8.1' ],
31 silly audit   yargs: [ '15.4.1' ],
31 silly audit   'yargs-parser': [ '18.1.3' ],
31 silly audit   'yocto-queue': [ '0.1.0' ],
31 silly audit   zustand: [ '5.0.8' ],
31 silly audit   'class-variance-authority': [ '0.7.1' ],
31 silly audit   'tailwind-merge': [ '3.3.1' ]
31 silly audit }
32 verbose reify failed optional dependency C:\Users\rober\Documents\builda-app\node_modules\fsevents
33 silly reify mark deleted [ 'C:\\Users\\rober\\Documents\\builda-app\\node_modules\\fsevents' ]
34 verbose reify failed optional dependency C:\Users\rober\Documents\builda-app\node_modules\@unrs\resolver-binding-win32-ia32-msvc
35 silly reify mark deleted [
35 silly reify   'C:\\Users\\rober\\Documents\\builda-app\\node_modules\\@unrs\\resolver-binding-win32-ia32-msvc'
35 silly reify ]
36 verbose reify failed optional dependency C:\Users\rober\Documents\builda-app\node_modules\@unrs\resolver-binding-win32-arm64-msvc
37 silly reify mark deleted [
37 silly reify   'C:\\Users\\rober\\Documents\\builda-app\\node_modules\\@unrs\\resolver-binding-win32-arm64-msvc'
37 silly reify ]
38 verbose reify failed optional dependency C:\Users\rober\Documents\builda-app\node_modules\@unrs\resolver-binding-wasm32-wasi
39 silly reify mark deleted [
39 silly reify   'C:\\Users\\rober\\Documents\\builda-app\\node_modules\\@unrs\\resolver-binding-wasm32-wasi'
39 silly reify ]
40 verbose reify failed optional dependency C:\Users\rober\Documents\builda-app\node_modules\@napi-rs\wasm-runtime
41 silly reify mark deleted [
41 silly reify   'C:\\Users\\rober\\Documents\\builda-app\\node_modules\\@napi-rs\\wasm-runtime'
41 silly reify ]
42 verbose reify failed optional dependency C:\Users\rober\Documents\builda-app\node_modules\@emnapi\core
43 silly reify mark deleted [
43 silly reify   'C:\\Users\\rober\\Documents\\builda-app\\node_modules\\@emnapi\\core'
43 silly reify ]
44 verbose reify failed optional dependency C:\Users\rober\Documents\builda-app\node_modules\@emnapi\runtime
45 silly reify mark deleted [
45 silly reify   'C:\\Users\\rober\\Documents\\builda-app\\node_modules\\@emnapi\\runtime'
45 silly reify ]
46 verbose reify failed optional dependency C:\Users\rober\Documents\builda-app\node_modules\@tybys\wasm-util
47 silly reify mark deleted [
47 silly reify   'C:\\Users\\rober\\Documents\\builda-app\\node_modules\\@tybys\\wasm-util'
47 silly reify ]
48 verbose reify failed optional dependency C:\Users\rober\Documents\builda-app\node_modules\@emnapi\wasi-threads
49 silly reify mark deleted [
49 silly reify   'C:\\Users\\rober\\Documents\\builda-app\\node_modules\\@emnapi\\wasi-threads'
49 silly reify ]
50 verbose reify failed optional dependency C:\Users\rober\Documents\builda-app\node_modules\@unrs\resolver-binding-linux-x64-musl
51 silly reify mark deleted [
51 silly reify   'C:\\Users\\rober\\Documents\\builda-app\\node_modules\\@unrs\\resolver-binding-linux-x64-musl'
51 silly reify ]
52 verbose reify failed optional dependency C:\Users\rober\Documents\builda-app\node_modules\@unrs\resolver-binding-linux-x64-gnu
53 silly reify mark deleted [
53 silly reify   'C:\\Users\\rober\\Documents\\builda-app\\node_modules\\@unrs\\resolver-binding-linux-x64-gnu'
53 silly reify ]
54 verbose reify failed optional dependency C:\Users\rober\Documents\builda-app\node_modules\@unrs\resolver-binding-linux-s390x-gnu
55 silly reify mark deleted [
55 silly reify   'C:\\Users\\rober\\Documents\\builda-app\\node_modules\\@unrs\\resolver-binding-linux-s390x-gnu'
55 silly reify ]
56 verbose reify failed optional dependency C:\Users\rober\Documents\builda-app\node_modules\@unrs\resolver-binding-linux-riscv64-musl
57 silly reify mark deleted [
57 silly reify   'C:\\Users\\rober\\Documents\\builda-app\\node_modules\\@unrs\\resolver-binding-linux-riscv64-musl'
57 silly reify ]
58 verbose reify failed optional dependency C:\Users\rober\Documents\builda-app\node_modules\@unrs\resolver-binding-linux-riscv64-gnu
59 silly reify mark deleted [
59 silly reify   'C:\\Users\\rober\\Documents\\builda-app\\node_modules\\@unrs\\resolver-binding-linux-riscv64-gnu'
59 silly reify ]
60 verbose reify failed optional dependency C:\Users\rober\Documents\builda-app\node_modules\@unrs\resolver-binding-linux-ppc64-gnu
61 silly reify mark deleted [
61 silly reify   'C:\\Users\\rober\\Documents\\builda-app\\node_modules\\@unrs\\resolver-binding-linux-ppc64-gnu'
61 silly reify ]
62 verbose reify failed optional dependency C:\Users\rober\Documents\builda-app\node_modules\@unrs\resolver-binding-linux-arm64-musl
63 silly reify mark deleted [
63 silly reify   'C:\\Users\\rober\\Documents\\builda-app\\node_modules\\@unrs\\resolver-binding-linux-arm64-musl'
63 silly reify ]
64 verbose reify failed optional dependency C:\Users\rober\Documents\builda-app\node_modules\@unrs\resolver-binding-linux-arm64-gnu
65 silly reify mark deleted [
65 silly reify   'C:\\Users\\rober\\Documents\\builda-app\\node_modules\\@unrs\\resolver-binding-linux-arm64-gnu'
65 silly reify ]
66 verbose reify failed optional dependency C:\Users\rober\Documents\builda-app\node_modules\@unrs\resolver-binding-linux-arm-musleabihf
67 silly reify mark deleted [
67 silly reify   'C:\\Users\\rober\\Documents\\builda-app\\node_modules\\@unrs\\resolver-binding-linux-arm-musleabihf'
67 silly reify ]
68 verbose reify failed optional dependency C:\Users\rober\Documents\builda-app\node_modules\@unrs\resolver-binding-linux-arm-gnueabihf
69 silly reify mark deleted [
69 silly reify   'C:\\Users\\rober\\Documents\\builda-app\\node_modules\\@unrs\\resolver-binding-linux-arm-gnueabihf'
69 silly reify ]
70 verbose reify failed optional dependency C:\Users\rober\Documents\builda-app\node_modules\@unrs\resolver-binding-freebsd-x64
71 silly reify mark deleted [
71 silly reify   'C:\\Users\\rober\\Documents\\builda-app\\node_modules\\@unrs\\resolver-binding-freebsd-x64'
71 silly reify ]
72 verbose reify failed optional dependency C:\Users\rober\Documents\builda-app\node_modules\@unrs\resolver-binding-darwin-x64
73 silly reify mark deleted [
73 silly reify   'C:\\Users\\rober\\Documents\\builda-app\\node_modules\\@unrs\\resolver-binding-darwin-x64'
73 silly reify ]
74 verbose reify failed optional dependency C:\Users\rober\Documents\builda-app\node_modules\@unrs\resolver-binding-darwin-arm64
75 silly reify mark deleted [
75 silly reify   'C:\\Users\\rober\\Documents\\builda-app\\node_modules\\@unrs\\resolver-binding-darwin-arm64'
75 silly reify ]
76 verbose reify failed optional dependency C:\Users\rober\Documents\builda-app\node_modules\@unrs\resolver-binding-android-arm64
77 silly reify mark deleted [
77 silly reify   'C:\\Users\\rober\\Documents\\builda-app\\node_modules\\@unrs\\resolver-binding-android-arm64'
77 silly reify ]
78 verbose reify failed optional dependency C:\Users\rober\Documents\builda-app\node_modules\@unrs\resolver-binding-android-arm-eabi
79 silly reify mark deleted [
79 silly reify   'C:\\Users\\rober\\Documents\\builda-app\\node_modules\\@unrs\\resolver-binding-android-arm-eabi'
79 silly reify ]
80 verbose reify failed optional dependency C:\Users\rober\Documents\builda-app\node_modules\@next\swc-win32-ia32-msvc
81 silly reify mark deleted [
81 silly reify   'C:\\Users\\rober\\Documents\\builda-app\\node_modules\\@next\\swc-win32-ia32-msvc'
81 silly reify ]
82 verbose reify failed optional dependency C:\Users\rober\Documents\builda-app\node_modules\@next\swc-win32-arm64-msvc
83 silly reify mark deleted [
83 silly reify   'C:\\Users\\rober\\Documents\\builda-app\\node_modules\\@next\\swc-win32-arm64-msvc'
83 silly reify ]
84 verbose reify failed optional dependency C:\Users\rober\Documents\builda-app\node_modules\@next\swc-linux-x64-musl
85 silly reify mark deleted [
85 silly reify   'C:\\Users\\rober\\Documents\\builda-app\\node_modules\\@next\\swc-linux-x64-musl'
85 silly reify ]
86 verbose reify failed optional dependency C:\Users\rober\Documents\builda-app\node_modules\@next\swc-linux-x64-gnu
87 silly reify mark deleted [
87 silly reify   'C:\\Users\\rober\\Documents\\builda-app\\node_modules\\@next\\swc-linux-x64-gnu'
87 silly reify ]
88 verbose reify failed optional dependency C:\Users\rober\Documents\builda-app\node_modules\@next\swc-linux-arm64-musl
89 silly reify mark deleted [
89 silly reify   'C:\\Users\\rober\\Documents\\builda-app\\node_modules\\@next\\swc-linux-arm64-musl'
89 silly reify ]
90 verbose reify failed optional dependency C:\Users\rober\Documents\builda-app\node_modules\@next\swc-linux-arm64-gnu
91 silly reify mark deleted [
91 silly reify   'C:\\Users\\rober\\Documents\\builda-app\\node_modules\\@next\\swc-linux-arm64-gnu'
91 silly reify ]
92 verbose reify failed optional dependency C:\Users\rober\Documents\builda-app\node_modules\@next\swc-darwin-x64
93 silly reify mark deleted [
93 silly reify   'C:\\Users\\rober\\Documents\\builda-app\\node_modules\\@next\\swc-darwin-x64'
93 silly reify ]
94 verbose reify failed optional dependency C:\Users\rober\Documents\builda-app\node_modules\@next\swc-darwin-arm64
95 silly reify mark deleted [
95 silly reify   'C:\\Users\\rober\\Documents\\builda-app\\node_modules\\@next\\swc-darwin-arm64'
95 silly reify ]
96 http cache @emnapi/wasi-threads@https://registry.npmjs.org/@emnapi/wasi-threads/-/wasi-threads-1.1.0.tgz 1ms (cache hit)
97 http cache tailwind-merge@https://registry.npmjs.org/tailwind-merge/-/tailwind-merge-3.3.1.tgz 0ms (cache hit)
98 http cache @napi-rs/wasm-runtime@https://registry.npmjs.org/@napi-rs/wasm-runtime/-/wasm-runtime-0.2.12.tgz 0ms (cache hit)
99 http cache @emnapi/core@https://registry.npmjs.org/@emnapi/core/-/core-1.5.0.tgz 0ms (cache hit)
100 http cache class-variance-authority@https://registry.npmjs.org/class-variance-authority/-/class-variance-authority-0.7.1.tgz 0ms (cache hit)
101 http cache @emnapi/runtime@https://registry.npmjs.org/@emnapi/runtime/-/runtime-1.5.0.tgz 0ms (cache hit)
102 http cache @tybys/wasm-util@https://registry.npmjs.org/@tybys/wasm-util/-/wasm-util-0.10.1.tgz 0ms (cache hit)
103 http cache clsx@https://registry.npmjs.org/clsx/-/clsx-2.1.1.tgz 0ms (cache hit)
104 silly tarball no local data for @emnapi/wasi-threads@https://registry.npmjs.org/@emnapi/wasi-threads/-/wasi-threads-1.1.0.tgz. Extracting by manifest.
105 silly tarball no local data for tailwind-merge@https://registry.npmjs.org/tailwind-merge/-/tailwind-merge-3.3.1.tgz. Extracting by manifest.
106 silly tarball no local data for @napi-rs/wasm-runtime@https://registry.npmjs.org/@napi-rs/wasm-runtime/-/wasm-runtime-0.2.12.tgz. Extracting by manifest.
107 silly tarball no local data for @emnapi/core@https://registry.npmjs.org/@emnapi/core/-/core-1.5.0.tgz. Extracting by manifest.
108 silly tarball no local data for class-variance-authority@https://registry.npmjs.org/class-variance-authority/-/class-variance-authority-0.7.1.tgz. Extracting by manifest.
109 silly tarball no local data for @emnapi/runtime@https://registry.npmjs.org/@emnapi/runtime/-/runtime-1.5.0.tgz. Extracting by manifest.
110 silly tarball no local data for @tybys/wasm-util@https://registry.npmjs.org/@tybys/wasm-util/-/wasm-util-0.10.1.tgz. Extracting by manifest.
111 silly tarball no local data for clsx@https://registry.npmjs.org/clsx/-/clsx-2.1.1.tgz. Extracting by manifest.
112 http fetch POST 200 https://registry.npmjs.org/-/npm/v1/security/advisories/bulk 249ms
113 silly audit report {
113 silly audit report   '@coinbase/wallet-sdk': [
113 silly audit report     {
113 silly audit report       id: 1102340,
113 silly audit report       url: 'https://github.com/advisories/GHSA-8rgj-285w-qcq4',
113 silly audit report       title: 'Unknown vulnerability in Coinbase Wallet SDK',
113 silly audit report       severity: 'high',
113 silly audit report       vulnerable_versions: '>=4.0 <4.3.0',
113 silly audit report       cwe: [],
113 silly audit report       cvss: [Object]
113 silly audit report     }
113 silly audit report   ],
113 silly audit report   next: [
113 silly audit report     {
113 silly audit report       id: 1099638,
113 silly audit report       url: 'https://github.com/advisories/GHSA-gp8f-8m3g-qvj9',
113 silly audit report       title: 'Next.js Cache Poisoning',
113 silly audit report       severity: 'high',
113 silly audit report       vulnerable_versions: '>=14.0.0 <14.2.10',
113 silly audit report       cwe: [Array],
113 silly audit report       cvss: [Object]
113 silly audit report     },
113 silly audit report     {
113 silly audit report       id: 1100421,
113 silly audit report       url: 'https://github.com/advisories/GHSA-g77x-44xx-532m',
113 silly audit report       title: 'Denial of Service condition in Next.js image optimization',
113 silly audit report       severity: 'moderate',
113 silly audit report       vulnerable_versions: '>=10.0.0 <14.2.7',
113 silly audit report       cwe: [Array],
113 silly audit report       cvss: [Object]
113 silly audit report     },
113 silly audit report     {
113 silly audit report       id: 1101438,
113 silly audit report       url: 'https://github.com/advisories/GHSA-7m27-7ghc-44w9',
113 silly audit report       title: 'Next.js Allows a Denial of Service (DoS) with Server Actions',
113 silly audit report       severity: 'moderate',
113 silly audit report       vulnerable_versions: '>=14.0.0 <14.2.21',
113 silly audit report       cwe: [Array],
113 silly audit report       cvss: [Object]
113 silly audit report     },
113 silly audit report     {
113 silly audit report       id: 1104490,
113 silly audit report       url: 'https://github.com/advisories/GHSA-qpjv-v59x-3qc4',
113 silly audit report       title: 'Next.js Race Condition to Cache Poisoning',
113 silly audit report       severity: 'low',
113 silly audit report       vulnerable_versions: '<14.2.24',
113 silly audit report       cwe: [Array],
113 silly audit report       cvss: [Object]
113 silly audit report     },
113 silly audit report     {
113 silly audit report       id: 1105461,
113 silly audit report       url: 'https://github.com/advisories/GHSA-3h52-269p-cp9r',
113 silly audit report       title: 'Information exposure in Next.js dev server due to lack of origin verification',
113 silly audit report       severity: 'low',
113 silly audit report       vulnerable_versions: '>=13.0 <14.2.30',
113 silly audit report       cwe: [Array],
113 silly audit report       cvss: [Object]
113 silly audit report     },
113 silly audit report     {
113 silly audit report       id: 1107226,
113 silly audit report       url: 'https://github.com/advisories/GHSA-g5qg-72qw-gw5v',
113 silly audit report       title: 'Next.js Affected by Cache Key Confusion for Image Optimization API Routes',
113 silly audit report       severity: 'moderate',
113 silly audit report       vulnerable_versions: '>=0.9.9 <14.2.31',
113 silly audit report       cwe: [Array],
113 silly audit report       cvss: [Object]
113 silly audit report     },
113 silly audit report     {
113 silly audit report       id: 1107415,
113 silly audit report       url: 'https://github.com/advisories/GHSA-f82v-jwr5-mffw',
113 silly audit report       title: 'Authorization Bypass in Next.js Middleware',
113 silly audit report       severity: 'critical',
113 silly audit report       vulnerable_versions: '>=14.0.0 <14.2.25',
113 silly audit report       cwe: [Array],
113 silly audit report       cvss: [Object]
113 silly audit report     },
113 silly audit report     {
113 silly audit report       id: 1107420,
113 silly audit report       url: 'https://github.com/advisories/GHSA-7gfc-8cq8-jh5f',
113 silly audit report       title: 'Next.js authorization bypass vulnerability',
113 silly audit report       severity: 'high',
113 silly audit report       vulnerable_versions: '>=9.5.5 <14.2.15',
113 silly audit report       cwe: [Array],
113 silly audit report       cvss: [Object]
113 silly audit report     },
113 silly audit report     {
113 silly audit report       id: 1107512,
113 silly audit report       url: 'https://github.com/advisories/GHSA-4342-x723-ch2f',
113 silly audit report       title: 'Next.js Improper Middleware Redirect Handling Leads to SSRF',
113 silly audit report       severity: 'moderate',
113 silly audit report       vulnerable_versions: '>=0.9.9 <14.2.32',
113 silly audit report       cwe: [Array],
113 silly audit report       cvss: [Object]
113 silly audit report     },
113 silly audit report     {
113 silly audit report       id: 1107513,
113 silly audit report       url: 'https://github.com/advisories/GHSA-xv57-4mr9-wg8v',
113 silly audit report       title: 'Next.js Content Injection Vulnerability for Image Optimization',
113 silly audit report       severity: 'moderate',
113 silly audit report       vulnerable_versions: '>=0.9.9 <14.2.31',
113 silly audit report       cwe: [Array],
113 silly audit report       cvss: [Object]
113 silly audit report     },
113 silly audit report     {
113 silly audit report       id: 1097295,
113 silly audit report       url: 'https://github.com/advisories/GHSA-fr5h-rqp8-mj6g',
113 silly audit report       title: 'Next.js Server-Side Request Forgery in Server Actions',
113 silly audit report       severity: 'high',
113 silly audit report       vulnerable_versions: '>=13.4.0 <14.1.1',
113 silly audit report       cwe: [Array],
113 silly audit report       cvss: [Object]
113 silly audit report     }
113 silly audit report   ]
113 silly audit report }
114 silly packumentCache corgi:https://registry.npmjs.org/@coinbase%2fwallet-sdk cache-miss
115 silly packumentCache corgi:https://registry.npmjs.org/next cache-miss
116 http fetch GET 200 https://registry.npmjs.org/@coinbase%2fwallet-sdk 546ms (cache miss)
117 silly packumentCache corgi:https://registry.npmjs.org/@coinbase%2fwallet-sdk set size:undefined disposed:false
118 http fetch GET 200 https://registry.npmjs.org/clsx/-/clsx-2.1.1.tgz 765ms (cache miss)
119 http fetch GET 200 https://registry.npmjs.org/class-variance-authority/-/class-variance-authority-0.7.1.tgz 901ms (cache miss)
120 http fetch GET 200 https://registry.npmjs.org/@emnapi/wasi-threads/-/wasi-threads-1.1.0.tgz 1124ms (cache miss)
121 http fetch GET 200 https://registry.npmjs.org/@emnapi/runtime/-/runtime-1.5.0.tgz 1244ms (cache miss)
122 http fetch GET 200 https://registry.npmjs.org/tailwind-merge/-/tailwind-merge-3.3.1.tgz 1631ms (cache miss)
123 http fetch GET 200 https://registry.npmjs.org/@emnapi/core/-/core-1.5.0.tgz 1651ms (cache miss)
124 http fetch GET 200 https://registry.npmjs.org/@tybys/wasm-util/-/wasm-util-0.10.1.tgz 1750ms (cache miss)
125 http fetch GET 200 https://registry.npmjs.org/@napi-rs/wasm-runtime/-/wasm-runtime-0.2.12.tgz 2053ms (cache miss)
126 http fetch GET 200 https://registry.npmjs.org/next 5461ms (cache miss)
127 silly packumentCache corgi:https://registry.npmjs.org/next set size:undefined disposed:false
128 silly packumentCache corgi:https://registry.npmjs.org/@privy-io%2freact-auth cache-miss
129 http fetch GET 200 https://registry.npmjs.org/@privy-io%2freact-auth 314ms (cache miss)
130 silly packumentCache corgi:https://registry.npmjs.org/@privy-io%2freact-auth set size:undefined disposed:false
131 silly ADD node_modules/tailwind-merge
132 silly ADD node_modules/class-variance-authority
133 silly ADD node_modules/class-variance-authority/node_modules/clsx
134 silly ADD
135 silly ADD
136 silly ADD
137 silly ADD
138 silly ADD
139 silly ADD
140 silly ADD
141 silly ADD
142 silly ADD
143 silly ADD
144 silly ADD
145 silly ADD
146 silly ADD
147 silly ADD
148 silly ADD
149 silly ADD
150 silly ADD
151 silly ADD
152 silly ADD
153 silly ADD
154 silly ADD
155 silly ADD
156 silly ADD
157 silly ADD
158 silly ADD
159 silly ADD
160 silly ADD
161 silly ADD
162 silly ADD
163 silly ADD
164 silly ADD
165 silly ADD
166 verbose cwd C:\Users\rober\Documents\builda-app
167 verbose os Windows_NT 10.0.22631
168 verbose node v22.19.0
169 verbose npm  v10.9.3
170 notice
170 notice New [31mmajor[39m version of npm available! [31m10.9.3[39m -> [34m11.6.0[39m
170 notice Changelog: [34mhttps://github.com/npm/cli/releases/tag/v11.6.0[39m
170 notice To update run: [4mnpm install -g npm@11.6.0[24m
170 notice  { force: true, [Symbol(proc-log.meta)]: true }
171 verbose exit 0
172 info ok
